This is XeTeX, Version 3.14159265-2.6-0.99992 (TeX Live 2015) (preloaded format=xelatex 2015.7.24)  15 OCT 2016 09:39
entering extended mode
 restricted \write18 enabled.
 %&-line parsing enabled.
**Mediation.tex
(./Mediation.tex
LaTeX2e <2015/01/01>
Babel <3.9l> and hyphenation patterns for 21 languages loaded.
(/usr/local/texlive/2015basic/texmf-dist/tex/latex/base/article.cls
Document Class: article 2014/09/29 v1.4h Standard LaTeX document class
(/usr/local/texlive/2015basic/texmf-dist/tex/latex/base/size10.clo
File: size10.clo 2014/09/29 v1.4h Standard LaTeX file (size option)
)
\c@part=\count79
\c@section=\count80
\c@subsection=\count81
\c@subsubsection=\count82
\c@paragraph=\count83
\c@subparagraph=\count84
\c@figure=\count85
\c@table=\count86
\abovecaptionskip=\skip41
\belowcaptionskip=\skip42
\bibindent=\dimen102
)
(/usr/local/texlive/2015basic/texmf-dist/tex/latex/graphics/graphicx.sty
Package: graphicx 2014/10/28 v1.0g Enhanced LaTeX Graphics (DPC,SPQR)

(/usr/local/texlive/2015basic/texmf-dist/tex/latex/graphics/keyval.sty
Package: keyval 2014/10/28 v1.15 key=value parser (DPC)
\KV@toks@=\toks14
)
(/usr/local/texlive/2015basic/texmf-dist/tex/latex/graphics/graphics.sty
Package: graphics 2014/10/28 v1.0p Standard LaTeX Graphics (DPC,SPQR)

(/usr/local/texlive/2015basic/texmf-dist/tex/latex/graphics/trig.sty
Package: trig 1999/03/16 v1.09 sin cos tan (DPC)
)
(/usr/local/texlive/2015basic/texmf-dist/tex/latex/latexconfig/graphics.cfg
File: graphics.cfg 2010/04/23 v1.9 graphics configuration of TeX Live
)
Package graphics Info: Driver file: xetex.def on input line 94.

(/usr/local/texlive/2015basic/texmf-dist/tex/xelatex/xetex-def/xetex.def
File: xetex.def 2015/03/25 v4.04 LaTeX color/graphics driver for XeTeX (TeX Liv
e/RRM/JK)
))
\Gin@req@height=\dimen103
\Gin@req@width=\dimen104
)
(/usr/local/texlive/2015basic/texmf-dist/tex/latex/graphics/color.sty
Package: color 2014/10/28 v1.1a Standard LaTeX Color (DPC)

(/usr/local/texlive/2015basic/texmf-dist/tex/latex/latexconfig/color.cfg
File: color.cfg 2007/01/18 v1.5 color configuration of teTeX/TeXLive
)
Package color Info: Driver file: xetex.def on input line 142.
)
(/usr/local/texlive/2015basic/texmf-dist/tex/latex/framed/framed.sty
Package: framed 2011/10/22 v 0.96: framed or shaded text with page breaks
\OuterFrameSep=\skip43
\fb@frw=\dimen105
\fb@frh=\dimen106
\FrameRule=\dimen107
\FrameSep=\dimen108
)
(/usr/local/texlive/2015basic/texmf-dist/tex/latex/base/alltt.sty
Package: alltt 1997/06/16 v2.0g defines alltt environment
)
(/usr/local/texlive/2015basic/texmf-dist/tex/latex/upquote/upquote.sty
Package: upquote 2012/04/19 v1.3 upright-quote and grave-accent glyphs in verba
tim
)
(./Mediation.aux)
\openout1 = `Mediation.aux'.

LaTeX Font Info:    Checking defaults for OML/cmm/m/it on input line 54.
LaTeX Font Info:    ... okay on input line 54.
LaTeX Font Info:    Checking defaults for T1/cmr/m/n on input line 54.
LaTeX Font Info:    ... okay on input line 54.
LaTeX Font Info:    Checking defaults for OT1/cmr/m/n on input line 54.
LaTeX Font Info:    ... okay on input line 54.
LaTeX Font Info:    Checking defaults for OMS/cmsy/m/n on input line 54.
LaTeX Font Info:    ... okay on input line 54.
LaTeX Font Info:    Checking defaults for OMX/cmex/m/n on input line 54.
LaTeX Font Info:    ... okay on input line 54.
LaTeX Font Info:    Checking defaults for U/cmr/m/n on input line 54.
LaTeX Font Info:    ... okay on input line 54.
LaTeX Font Info:    External font `cmex10' loaded for size
(Font)              <12> on input line 58.
LaTeX Font Info:    External font `cmex10' loaded for size
(Font)              <8> on input line 58.
LaTeX Font Info:    External font `cmex10' loaded for size
(Font)              <6> on input line 58.
LaTeX Font Info:    Try loading font information for OMS+cmr on input line 65.

(/usr/local/texlive/2015basic/texmf-dist/tex/latex/base/omscmr.fd
File: omscmr.fd 2014/09/29 v2.5h Standard LaTeX font definitions
)
LaTeX Font Info:    Font shape `OMS/cmr/m/n' in size <10> not available
(Font)              Font shape `OMS/cmsy/m/n' tried instead on input line 65.
File: /Users/lillion/Desktop/MEdiation.png Graphic file (type QTm)

<use  "/Users/lillion/Desktop/MEdiation.png" >
Overfull \hbox (3.38951pt too wide) in paragraph at lines 101--102
[]\OT1/cmr/m/n/10 nicht unbe-d-ingt notwendig, da iden-tisch der Ko-r-re-la-tio
n von Pr^^?adiktor
 []

[1

]
Package color Info: Redefining color shadecolor on input line 113.
LaTeX Font Info:    Font shape `OT1/cmtt/bx/n' in size <10> not available
(Font)              Font shape `OT1/cmtt/m/n' tried instead on input line 116.
LaTeX Font Info:    Try loading font information for OML+cmr on input line 136.

 (/usr/local/texlive/2015basic/texmf-dist/tex/latex/base/omlcmr.fd
File: omlcmr.fd 2014/09/29 v2.5h Standard LaTeX font definitions
)
LaTeX Font Info:    Font shape `OML/cmr/bx/n' in size <10> not available
(Font)              Font shape `OML/cmm/b/it' tried instead on input line 136.
LaTeX Font Info:    Try loading font information for OML+cmtt on input line 136
.
LaTeX Font Info:    No file OMLcmtt.fd. on input line 136.


LaTeX Font Warning: Font shape `OML/cmtt/m/n' undefined
(Font)              using `OML/cmm/m/it' instead
(Font)              for symbol `textless' on input line 136.


Overfull \hbox (1.19489pt too wide) in paragraph at lines 136--137
[]\OT1/cmr/m/n/10 Man muss Mod-ell mit \OML/cmm/b/it/10 <\OT1/cmr/bx/n/10 - \OT
1/cmr/m/n/10 einem Na-men zuweisen wie im fol-gen-den Beispiel:
 []

Package color Info: Redefining color shadecolor on input line 146.
[2]
Package color Info: Redefining color shadecolor on input line 158.
Package color Info: Redefining color shadecolor on input line 170.

Overfull \hbox (164.24556pt too wide) in paragraph at lines 174--174
[][]\OT1/cmtt/m/n/10 semPaths[][](Modelldirekt,[] []style[][]=[][]"lisrel"[][],
[][]nCharNodes[] []=[] []0[][],[] []whatLabels[][]=[][]"std"[][],[][]intercepts
[] []= F,[][]rotation[][]=[][]2[][])[][] 
 []

File: figure/unnamed-chunk-4-1.pdf Graphic file (type QTm)
<use  "figure/unnamed-chunk-4-1.pdf" >
Overfull \hbox (15.0pt too wide) in paragraph at lines 177--178
[][] 
 []

[3]
Package color Info: Redefining color shadecolor on input line 189.

Overfull \hbox (11.99689pt too wide) in paragraph at lines 196--196
[]\OT1/cmtt/m/it/10 ## Found more than one class "Model" in cache; using the fi
rst, from
 []


Overfull \hbox (48.74657pt too wide) in paragraph at lines 225--225
[]\OT1/cmtt/m/n/10 ##                    Estimate  Std.Err  z-value  P(>|z|)   
Std.lv  Std.all[] 
 []


Overfull \hbox (48.74657pt too wide) in paragraph at lines 225--225
[]\OT1/cmtt/m/n/10 ##     pctwhite   (a)   -0.023    0.003   -6.572    0.000   
-0.023   -0.052[] 
 []


Overfull \hbox (48.74657pt too wide) in paragraph at lines 225--225
[]\OT1/cmtt/m/n/10 ##                    Estimate  Std.Err  z-value  P(>|z|)   
Std.lv  Std.all[] 
 []


Overfull \hbox (48.74657pt too wide) in paragraph at lines 225--225
[]\OT1/cmtt/m/n/10 ##    .crime             0.103    0.020    5.050    0.000   
 0.103    0.541[] 
 []

[4]
Missing character: There is no ä in font cmr10!
Missing character: There is no ä in font cmr10!
Missing character: There is no ü in font cmr10!
Missing character: There is no ä in font cmr10!
Missing character: There is no ü in font cmr10!
Missing character: There is no ü in font cmr10!
Missing character: There is no ü in font cmr10!
Missing character: There is no ß in font cmr10!

Overfull \hbox (4.7413pt too wide) in paragraph at lines 234--235
\OT1/cmr/m/n/10 po-nen-ten besteht. Doppel- oder Mehrfach-p-fade wer-den nicht 
grund-st-zlich berech-
 []

Package color Info: Redefining color shadecolor on input line 239.

Overfull \hbox (48.74657pt too wide) in paragraph at lines 288--288
[]\OT1/cmtt/m/n/10 ##                    Estimate  Std.Err  z-value  P(>|z|)   
Std.lv  Std.all[] 
 []


Overfull \hbox (48.74657pt too wide) in paragraph at lines 288--288
[]\OT1/cmtt/m/n/10 ##     pctwhite   (c)   -0.022    0.004   -6.095    0.000   
-0.022   -0.051[] 
 []


Overfull \hbox (48.74657pt too wide) in paragraph at lines 288--288
[]\OT1/cmtt/m/n/10 ##     pcths      (b)   -0.002    0.009   -0.277    0.782   
-0.002   -0.030[] 
 []


Overfull \hbox (48.74657pt too wide) in paragraph at lines 288--288
[]\OT1/cmtt/m/n/10 ##     pctwhite   (a)    0.143    0.056    2.569    0.010   
 0.143    0.026[] 
 []


Overfull \hbox (48.74657pt too wide) in paragraph at lines 288--288
[]\OT1/cmtt/m/n/10 ##                    Estimate  Std.Err  z-value  P(>|z|)   
Std.lv  Std.all[] 
 []


Overfull \hbox (48.74657pt too wide) in paragraph at lines 288--288
[]\OT1/cmtt/m/n/10 ##    .crime             0.103    0.020    5.050    0.000   
 0.103    0.541[] 
 []


Overfull \hbox (48.74657pt too wide) in paragraph at lines 288--288
[]\OT1/cmtt/m/n/10 ##    .pcths            27.144    5.375    5.050    0.000   
27.144    0.885[] 
 []


Overfull \hbox (48.74657pt too wide) in paragraph at lines 288--288
[]\OT1/cmtt/m/n/10 ##                    Estimate  Std.Err  z-value  P(>|z|)   
Std.lv  Std.all[] 
 []


Overfull \hbox (48.74657pt too wide) in paragraph at lines 288--288
[]\OT1/cmtt/m/n/10 ##     indirekterPfad   -0.000    0.001   -0.275    0.783   
-0.000   -0.001[] 
 []

[5]
File: figure/unnamed-chunk-6-1.pdf Graphic file (type QTm)
 <use  "figure/unnamed-chunk-6-1.pdf" > [6]
Missing character: There is no ö in font cmr10!
Missing character: There is no ä in font cmr10!
Missing character: There is no ü in font cmr10!
Missing character: There is no ü in font cmr10!
Missing character: There is no ü in font cmr10!
Missing character: There is no ß in font cmr10!
Package color Info: Redefining color shadecolor on input line 304.

Overfull \hbox (48.74657pt too wide) in paragraph at lines 351--351
[]\OT1/cmtt/m/n/10 ##                    Estimate  Std.Err  z-value  P(>|z|)   
Std.lv  Std.all[] 
 []


Overfull \hbox (48.74657pt too wide) in paragraph at lines 351--351
[]\OT1/cmtt/m/n/10 ##     pctwhite   (c)    0.000       NA                     
 0.000    0.000[] 
 []


Overfull \hbox (48.74657pt too wide) in paragraph at lines 351--351
[]\OT1/cmtt/m/n/10 ##     pcths      (b)   -0.020    0.011   -1.892    0.059   
-0.020   -0.256[] 
 []


Overfull \hbox (48.74657pt too wide) in paragraph at lines 351--351
[]\OT1/cmtt/m/n/10 ##     pctwhite   (a)    0.143    0.056    2.569    0.010   
 0.143    0.026[] 
 []


Overfull \hbox (48.74657pt too wide) in paragraph at lines 351--351
[]\OT1/cmtt/m/n/10 ##                    Estimate  Std.Err  z-value  P(>|z|)   
Std.lv  Std.all[] 
 []


Overfull \hbox (48.74657pt too wide) in paragraph at lines 351--351
[]\OT1/cmtt/m/n/10 ##    .crime             0.178    0.035    5.050    0.000   
 0.178    0.934[] 
 []


Overfull \hbox (48.74657pt too wide) in paragraph at lines 351--351
[]\OT1/cmtt/m/n/10 ##    .pcths            27.144    5.375    5.050    0.000   
27.144    0.885[] 
 []


Overfull \hbox (48.74657pt too wide) in paragraph at lines 351--351
[]\OT1/cmtt/m/n/10 ##                    Estimate  Std.Err  z-value  P(>|z|)   
Std.lv  Std.all[] 
 []


Overfull \hbox (48.74657pt too wide) in paragraph at lines 351--351
[]\OT1/cmtt/m/n/10 ##     indirekterPfad   -0.003    0.002   -1.523    0.128   
-0.003   -0.007[] 
 []

[7]
Package color Info: Redefining color shadecolor on input line 356.

Overfull \hbox (29.48286pt too wide) in paragraph at lines 366--366
[][]\OT1/cmtt/m/n/10 ergModellindirekt[] []<-[] []sem[][](Modellindirekt,[] []d
ata[] []= crime_data)[] []\OT1/cmtt/m/it/10 # berechnen[][] 
 []


Overfull \hbox (48.74657pt too wide) in paragraph at lines 410--410
[]\OT1/cmtt/m/n/10 ##                    Estimate  Std.Err  z-value  P(>|z|)   
Std.lv  Std.all[] 
 []


Overfull \hbox (48.74657pt too wide) in paragraph at lines 410--410
[]\OT1/cmtt/m/n/10 ##     pctwhite   (c)    0.000    0.000    0.000    1.000   
 0.000    0.000[] 
 []


Overfull \hbox (48.74657pt too wide) in paragraph at lines 410--410
[]\OT1/cmtt/m/n/10 ##     pcths      (b)   -0.020    0.011   -1.892    0.059   
-0.020   -0.256[] 
 []


Overfull \hbox (48.74657pt too wide) in paragraph at lines 410--410
[]\OT1/cmtt/m/n/10 ##     pctwhite   (a)    0.143    0.056    2.569    0.010   
 0.143    0.026[] 
 []


Overfull \hbox (48.74657pt too wide) in paragraph at lines 410--410
[]\OT1/cmtt/m/n/10 ##                    Estimate  Std.Err  z-value  P(>|z|)   
Std.lv  Std.all[] 
 []


Overfull \hbox (48.74657pt too wide) in paragraph at lines 410--410
[]\OT1/cmtt/m/n/10 ##    .crime             0.178    0.035    5.050    0.000   
 0.178    0.934[] 
 []


Overfull \hbox (48.74657pt too wide) in paragraph at lines 410--410
[]\OT1/cmtt/m/n/10 ##    .pcths            27.144    5.375    5.050    0.000   
27.144    0.885[] 
 []


Overfull \hbox (48.74657pt too wide) in paragraph at lines 410--410
[]\OT1/cmtt/m/n/10 ##                    Estimate  Std.Err  z-value  P(>|z|)   
Std.lv  Std.all[] 
 []


Overfull \hbox (48.74657pt too wide) in paragraph at lines 410--410
[]\OT1/cmtt/m/n/10 ##     indirekterPfad   -0.003    0.002   -1.523    0.128   
-0.003   -0.007[] 
 []

[8]
LaTeX Font Info:    External font `cmex10' loaded for size
(Font)              <7> on input line 415.
LaTeX Font Info:    External font `cmex10' loaded for size
(Font)              <5> on input line 415.
Missing character: There is no ä in font cmr10!
Package color Info: Redefining color shadecolor on input line 417.

Overfull \hbox (6.74693pt too wide) in paragraph at lines 429--429
[]\OT1/cmtt/m/n/10 ##                   Df AIC BIC Chisq Chisq diff Df diff Pr(
>Chisq)[] 
 []


Overfull \hbox (27.74675pt too wide) in paragraph at lines 429--429
[]\OT1/cmtt/m/n/10 ## ergModellindirekt  1 785 793  27.9       27.9       1    
1.3e-07 ***[] 
 []

[9] [10] (./Mediation.aux)

LaTeX Font Warning: Some font shapes were not available, defaults substituted.

 ) 
Here is how much of TeX's memory you used:
 799 strings out of 495158
 10533 string characters out of 6175469
 71471 words of memory out of 5000000
 4078 multiletter control sequences out of 15000+600000
 8935 words of font info for 32 fonts, out of 8000000 for 9000
 319 hyphenation exceptions out of 8191
 25i,7n,19p,415b,245s stack positions out of 5000i,500n,10000p,200000b,80000s

Output written on Mediation.pdf (10 pages).
